

================================================================
== Vivado HLS Report for 'kmeans_top'
================================================================
* Date:           Mon Mar 24 19:45:47 2025

* Version:        2018.3 (Build 2405991 on Thu Dec 06 23:56:15 MST 2018)
* Project:        kmeans_no_acc
* Solution:       solution1
* Product family: artix7
* Target device:  xc7a200tsbg484-1


================================================================
== Performance Estimates
================================================================
+ Timing (ns): 
    * Summary: 
    +--------+-------+----------+------------+
    |  Clock | Target| Estimated| Uncertainty|
    +--------+-------+----------+------------+
    |ap_clk  |  10.00|     8.724|        1.25|
    +--------+-------+----------+------------+

+ Latency (clock cycles): 
    * Summary: 
    +-------+-------+-------+-------+---------+
    |    Latency    |    Interval   | Pipeline|
    |  min  |  max  |  min  |  max  |   Type  |
    +-------+-------+-------+-------+---------+
    |  23580|  23580|  23580|  23580|   none  |
    +-------+-------+-------+-------+---------+

    + Detail: 
        * Instance: 
        +--------------------------+----------------+-------+-------+-------+-------+---------+
        |                          |                |    Latency    |    Interval   | Pipeline|
        |         Instance         |     Module     |  min  |  max  |  min  |  max  |   Type  |
        +--------------------------+----------------+-------+-------+-------+-------+---------+
        |grp_classify_image_fu_45  |classify_image  |  23579|  23579|  23579|  23579|   none  |
        +--------------------------+----------------+-------+-------+-------+-------+---------+

        * Loop: 
        N/A



================================================================
== Utilization Estimates
================================================================
* Summary: 
+-----------------+---------+-------+--------+--------+
|       Name      | BRAM_18K| DSP48E|   FF   |   LUT  |
+-----------------+---------+-------+--------+--------+
|DSP              |        -|      -|       -|       -|
|Expression       |        -|      -|       -|       -|
|FIFO             |        -|      -|       -|       -|
|Instance         |        4|      1|    3985|    4986|
|Memory           |        -|      -|       -|       -|
|Multiplexer      |        -|      -|       -|      15|
|Register         |        -|      -|       3|       -|
+-----------------+---------+-------+--------+--------+
|Total            |        4|      1|    3988|    5001|
+-----------------+---------+-------+--------+--------+
|Available        |      730|    740|  269200|  129000|
+-----------------+---------+-------+--------+--------+
|Utilization (%)  |    ~0   |   ~0  |       1|       3|
+-----------------+---------+-------+--------+--------+

+ Detail: 
    * Instance: 
    +--------------------------+----------------+---------+-------+------+------+
    |         Instance         |     Module     | BRAM_18K| DSP48E|  FF  |  LUT |
    +--------------------------+----------------+---------+-------+------+------+
    |grp_classify_image_fu_45  |classify_image  |        4|      1|  3985|  4986|
    +--------------------------+----------------+---------+-------+------+------+
    |Total                     |                |        4|      1|  3985|  4986|
    +--------------------------+----------------+---------+-------+------+------+

    * DSP48: 
    N/A

    * Memory: 
    N/A

    * FIFO: 
    N/A

    * Expression: 
    N/A

    * Multiplexer: 
    +-----------+----+-----------+-----+-----------+
    |    Name   | LUT| Input Size| Bits| Total Bits|
    +-----------+----+-----------+-----+-----------+
    |ap_NS_fsm  |  15|          3|    1|          3|
    +-----------+----+-----------+-----+-----------+
    |Total      |  15|          3|    1|          3|
    +-----------+----+-----------+-----+-----------+

    * Register: 
    +---------------------------------------+---+----+-----+-----------+
    |                  Name                 | FF| LUT| Bits| Const Bits|
    +---------------------------------------+---+----+-----+-----------+
    |ap_CS_fsm                              |  2|   0|    2|          0|
    |grp_classify_image_fu_45_ap_start_reg  |  1|   0|    1|          0|
    +---------------------------------------+---+----+-----+-----------+
    |Total                                  |  3|   0|    3|          0|
    +---------------------------------------+---+----+-----+-----------+



================================================================
== Interface
================================================================
* Summary: 
+------------------+-----+-----+------------+--------------+--------------+
|     RTL Ports    | Dir | Bits|  Protocol  | Source Object|    C Type    |
+------------------+-----+-----+------------+--------------+--------------+
|ap_clk            |  in |    1| ap_ctrl_hs |  kmeans_top  | return value |
|ap_rst            |  in |    1| ap_ctrl_hs |  kmeans_top  | return value |
|ap_start          |  in |    1| ap_ctrl_hs |  kmeans_top  | return value |
|ap_done           | out |    1| ap_ctrl_hs |  kmeans_top  | return value |
|ap_idle           | out |    1| ap_ctrl_hs |  kmeans_top  | return value |
|ap_ready          | out |    1| ap_ctrl_hs |  kmeans_top  | return value |
|image_r_address0  | out |   10|  ap_memory |    image_r   |     array    |
|image_r_ce0       | out |    1|  ap_memory |    image_r   |     array    |
|image_r_q0        |  in |    8|  ap_memory |    image_r   |     array    |
|result_address0   | out |    1|  ap_memory |    result    |     array    |
|result_ce0        | out |    1|  ap_memory |    result    |     array    |
|result_we0        | out |    1|  ap_memory |    result    |     array    |
|result_d0         | out |   32|  ap_memory |    result    |     array    |
|result_address1   | out |    1|  ap_memory |    result    |     array    |
|result_ce1        | out |    1|  ap_memory |    result    |     array    |
|result_we1        | out |    1|  ap_memory |    result    |     array    |
|result_d1         | out |   32|  ap_memory |    result    |     array    |
+------------------+-----+-----+------------+--------------+--------------+

